0 verbose cli /usr/local/bin/node /usr/local/bin/npm
1 info using npm@11.6.2
2 info using node@v24.11.1
3 silly config load:file:/usr/local/lib/node_modules/npm/npmrc
4 silly config load:file:/Users/macos/brand-portal/.npmrc
5 silly config load:file:/Users/macos/.npmrc
6 silly config load:file:/usr/local/etc/npmrc
7 verbose title npm install node-vibrant
8 verbose argv "install" "node-vibrant" "--cache" ".npm-cache"
9 verbose logfile logs-max:10 dir:/Users/macos/brand-portal/.npm-cache/_logs/2025-12-17T07_44_26_030Z-
10 verbose logfile /Users/macos/brand-portal/.npm-cache/_logs/2025-12-17T07_44_26_030Z-debug-0.log
11 silly logfile done cleaning log files
12 silly packumentCache heap:4496293888 maxSize:1124073472 maxEntrySize:562036736
13 verbose shrinkwrap failed to load node_modules/.package-lock.json out of date, updated: node_modules
14 silly idealTree buildDeps
15 silly fetch manifest node-vibrant@*
16 silly packumentCache full:https://registry.npmjs.org/node-vibrant cache-miss
17 http fetch GET 200 https://registry.npmjs.org/node-vibrant 803ms (cache miss)
18 silly packumentCache full:https://registry.npmjs.org/node-vibrant set size:undefined disposed:false
19 silly placeDep ROOT node-vibrant@4.0.3 OK for: brand-portal@0.1.0 want: *
20 silly fetch manifest @types/node@^18.15.3
21 silly packumentCache full:https://registry.npmjs.org/@types%2fnode cache-miss
22 silly fetch manifest @vibrant/core@^4.0.0
23 silly packumentCache full:https://registry.npmjs.org/@vibrant%2fcore cache-miss
24 silly fetch manifest @vibrant/generator-default@^4.0.3
25 silly packumentCache full:https://registry.npmjs.org/@vibrant%2fgenerator-default cache-miss
26 silly fetch manifest @vibrant/image-browser@^4.0.0
27 silly packumentCache full:https://registry.npmjs.org/@vibrant%2fimage-browser cache-miss
28 silly fetch manifest @vibrant/image-node@^4.0.0
29 silly packumentCache full:https://registry.npmjs.org/@vibrant%2fimage-node cache-miss
30 silly fetch manifest @vibrant/quantizer-mmcq@^4.0.0
31 silly packumentCache full:https://registry.npmjs.org/@vibrant%2fquantizer-mmcq cache-miss
32 http fetch GET 200 https://registry.npmjs.org/npm 1251ms
33 http fetch GET 200 https://registry.npmjs.org/@vibrant%2fimage-node 1074ms (cache miss)
34 silly packumentCache full:https://registry.npmjs.org/@vibrant%2fimage-node set size:undefined disposed:false
35 http fetch GET 200 https://registry.npmjs.org/@vibrant%2fimage-browser 1105ms (cache miss)
36 silly packumentCache full:https://registry.npmjs.org/@vibrant%2fimage-browser set size:undefined disposed:false
37 http fetch GET 200 https://registry.npmjs.org/@vibrant%2fgenerator-default 1235ms (cache miss)
38 silly packumentCache full:https://registry.npmjs.org/@vibrant%2fgenerator-default set size:undefined disposed:false
39 http fetch GET 200 https://registry.npmjs.org/@vibrant%2fcore 1238ms (cache miss)
40 silly packumentCache full:https://registry.npmjs.org/@vibrant%2fcore set size:undefined disposed:false
41 http fetch GET 200 https://registry.npmjs.org/@vibrant%2fquantizer-mmcq 1287ms (cache miss)
42 silly packumentCache full:https://registry.npmjs.org/@vibrant%2fquantizer-mmcq set size:undefined disposed:false
43 http fetch GET 200 https://registry.npmjs.org/@types%2fnode 1418ms (cache miss)
44 silly packumentCache full:https://registry.npmjs.org/@types%2fnode set size:undefined disposed:false
45 silly placeDep node_modules/node-vibrant @types/node@18.19.130 OK for: node-vibrant@4.0.3 want: ^18.15.3
46 silly placeDep ROOT @vibrant/core@4.0.0 OK for: node-vibrant@4.0.3 want: ^4.0.0
47 silly placeDep ROOT @vibrant/generator-default@4.0.3 OK for: node-vibrant@4.0.3 want: ^4.0.3
48 silly placeDep ROOT @vibrant/image-browser@4.0.0 OK for: node-vibrant@4.0.3 want: ^4.0.0
49 silly placeDep ROOT @vibrant/image-node@4.0.0 OK for: node-vibrant@4.0.3 want: ^4.0.0
50 silly placeDep ROOT @vibrant/quantizer-mmcq@4.0.0 OK for: node-vibrant@4.0.3 want: ^4.0.0
51 silly fetch manifest undici-types@~5.26.4
52 silly packumentCache full:https://registry.npmjs.org/undici-types cache-miss
53 silly fetch manifest @vibrant/color@^4.0.0
54 silly packumentCache full:https://registry.npmjs.org/@vibrant%2fcolor cache-miss
55 silly fetch manifest @vibrant/generator@^4.0.0
56 silly packumentCache full:https://registry.npmjs.org/@vibrant%2fgenerator cache-miss
57 silly fetch manifest @vibrant/image@^4.0.0
58 silly packumentCache full:https://registry.npmjs.org/@vibrant%2fimage cache-miss
59 silly fetch manifest @vibrant/quantizer@^4.0.0
60 silly packumentCache full:https://registry.npmjs.org/@vibrant%2fquantizer cache-miss
61 silly fetch manifest @vibrant/worker@^4.0.0
62 silly packumentCache full:https://registry.npmjs.org/@vibrant%2fworker cache-miss
63 silly fetch manifest @vibrant/color@^4.0.0
64 silly packumentCache full:https://registry.npmjs.org/@vibrant%2fcolor cache-miss
65 silly fetch manifest @vibrant/generator@^4.0.0
66 silly packumentCache full:https://registry.npmjs.org/@vibrant%2fgenerator cache-miss
67 silly fetch manifest @vibrant/image@^4.0.0
68 silly packumentCache full:https://registry.npmjs.org/@vibrant%2fimage cache-miss
69 silly fetch manifest @jimp/custom@^0.22.12
70 silly packumentCache full:https://registry.npmjs.org/@jimp%2fcustom cache-miss
71 silly fetch manifest @jimp/plugin-resize@^0.22.12
72 silly packumentCache full:https://registry.npmjs.org/@jimp%2fplugin-resize cache-miss
73 silly fetch manifest @jimp/types@^0.22.12
74 silly packumentCache full:https://registry.npmjs.org/@jimp%2ftypes cache-miss
75 silly fetch manifest @vibrant/image@^4.0.0
76 silly packumentCache full:https://registry.npmjs.org/@vibrant%2fimage cache-miss
77 silly fetch manifest @vibrant/color@^4.0.0
78 silly packumentCache full:https://registry.npmjs.org/@vibrant%2fcolor cache-miss
79 silly fetch manifest @vibrant/image@^4.0.0
80 silly packumentCache full:https://registry.npmjs.org/@vibrant%2fimage cache-miss
81 http fetch GET 200 https://registry.npmjs.org/undici-types 228ms (cache miss)
82 silly packumentCache full:https://registry.npmjs.org/undici-types set size:undefined disposed:false
83 silly fetch manifest @vibrant/quantizer@^4.0.0
84 silly packumentCache full:https://registry.npmjs.org/@vibrant%2fquantizer cache-miss
85 http fetch GET 200 https://registry.npmjs.org/@vibrant%2fimage 429ms (cache miss)
86 silly packumentCache full:https://registry.npmjs.org/@vibrant%2fimage set size:undefined disposed:false
87 http fetch GET 200 https://registry.npmjs.org/@vibrant%2fcolor 430ms (cache miss)
88 silly packumentCache full:https://registry.npmjs.org/@vibrant%2fcolor set size:undefined disposed:false
89 http fetch GET 200 https://registry.npmjs.org/@vibrant%2fcolor 430ms (cache miss)
90 silly packumentCache full:https://registry.npmjs.org/@vibrant%2fcolor set size:undefined disposed:false
91 http fetch GET 200 https://registry.npmjs.org/@vibrant%2fworker 431ms (cache miss)
92 silly packumentCache full:https://registry.npmjs.org/@vibrant%2fworker set size:undefined disposed:false
93 http fetch GET 200 https://registry.npmjs.org/@vibrant%2fquantizer 457ms (cache miss)
94 silly packumentCache full:https://registry.npmjs.org/@vibrant%2fquantizer set size:undefined disposed:false
95 http fetch GET 200 https://registry.npmjs.org/@vibrant%2fquantizer 446ms (cache miss)
96 silly packumentCache full:https://registry.npmjs.org/@vibrant%2fquantizer set size:undefined disposed:false
97 http fetch GET 200 https://registry.npmjs.org/@vibrant%2fcolor 806ms (cache miss)
98 silly packumentCache full:https://registry.npmjs.org/@vibrant%2fcolor set size:undefined disposed:false
99 http fetch GET 200 https://registry.npmjs.org/@vibrant%2fimage 827ms (cache miss)
100 silly packumentCache full:https://registry.npmjs.org/@vibrant%2fimage set size:undefined disposed:false
101 http fetch GET 200 https://registry.npmjs.org/@vibrant%2fimage 832ms (cache miss)
102 silly packumentCache full:https://registry.npmjs.org/@vibrant%2fimage set size:undefined disposed:false
103 http fetch GET 200 https://registry.npmjs.org/@vibrant%2fimage 833ms (cache miss)
104 silly packumentCache full:https://registry.npmjs.org/@vibrant%2fimage set size:undefined disposed:false
105 http fetch GET 200 https://registry.npmjs.org/@vibrant%2fgenerator 839ms (cache miss)
106 silly packumentCache full:https://registry.npmjs.org/@vibrant%2fgenerator set size:undefined disposed:false
107 http fetch GET 200 https://registry.npmjs.org/@vibrant%2fgenerator 1014ms (cache miss)
108 silly packumentCache full:https://registry.npmjs.org/@vibrant%2fgenerator set size:undefined disposed:false
109 http fetch GET 200 https://registry.npmjs.org/@jimp%2fcustom 1059ms (cache miss)
110 silly packumentCache full:https://registry.npmjs.org/@jimp%2fcustom set size:undefined disposed:false
111 http fetch GET 200 https://registry.npmjs.org/@jimp%2ftypes 1234ms (cache miss)
112 silly packumentCache full:https://registry.npmjs.org/@jimp%2ftypes set size:undefined disposed:false
113 http fetch GET 200 https://registry.npmjs.org/@jimp%2fplugin-resize 1310ms (cache miss)
114 silly packumentCache full:https://registry.npmjs.org/@jimp%2fplugin-resize set size:undefined disposed:false
115 silly placeDep ROOT @vibrant/color@4.0.0 OK for: @vibrant/core@4.0.0 want: ^4.0.0
116 silly placeDep ROOT @vibrant/generator@4.0.0 OK for: @vibrant/core@4.0.0 want: ^4.0.0
117 silly placeDep ROOT @vibrant/image@4.0.0 OK for: @vibrant/core@4.0.0 want: ^4.0.0
118 silly placeDep ROOT @vibrant/quantizer@4.0.0 OK for: @vibrant/core@4.0.0 want: ^4.0.0
119 silly placeDep ROOT @vibrant/worker@4.0.0 OK for: @vibrant/core@4.0.0 want: ^4.0.0
120 silly fetch manifest @vibrant/types@^4.0.0
121 silly packumentCache full:https://registry.npmjs.org/@vibrant%2ftypes cache-miss
122 silly fetch manifest @vibrant/types@^4.0.0
123 silly packumentCache full:https://registry.npmjs.org/@vibrant%2ftypes cache-miss
124 silly fetch manifest @vibrant/types@^4.0.0
125 silly packumentCache full:https://registry.npmjs.org/@vibrant%2ftypes cache-miss
126 http fetch GET 200 https://registry.npmjs.org/@vibrant%2ftypes 424ms (cache miss)
127 silly packumentCache full:https://registry.npmjs.org/@vibrant%2ftypes set size:undefined disposed:false
128 http fetch GET 200 https://registry.npmjs.org/@vibrant%2ftypes 424ms (cache miss)
129 silly packumentCache full:https://registry.npmjs.org/@vibrant%2ftypes set size:undefined disposed:false
130 http fetch GET 200 https://registry.npmjs.org/@vibrant%2ftypes 428ms (cache miss)
131 silly packumentCache full:https://registry.npmjs.org/@vibrant%2ftypes set size:undefined disposed:false
132 silly placeDep ROOT @vibrant/types@4.0.0 OK for: @vibrant/generator@4.0.0 want: ^4.0.0
133 silly placeDep ROOT @jimp/custom@0.22.12 OK for: @vibrant/image-node@4.0.0 want: ^0.22.12
134 silly placeDep ROOT @jimp/plugin-resize@0.22.12 OK for: @vibrant/image-node@4.0.0 want: ^0.22.12
135 silly placeDep ROOT @jimp/types@0.22.12 OK for: @vibrant/image-node@4.0.0 want: ^0.22.12
136 silly fetch manifest @jimp/core@^0.22.12
137 silly packumentCache full:https://registry.npmjs.org/@jimp%2fcore cache-miss
138 silly fetch manifest @jimp/utils@^0.22.12
139 silly packumentCache full:https://registry.npmjs.org/@jimp%2futils cache-miss
140 silly fetch manifest timm@^1.6.1
141 silly packumentCache full:https://registry.npmjs.org/timm cache-miss
142 silly fetch manifest @jimp/bmp@^0.22.12
143 silly packumentCache full:https://registry.npmjs.org/@jimp%2fbmp cache-miss
144 silly fetch manifest @jimp/gif@^0.22.12
145 silly packumentCache full:https://registry.npmjs.org/@jimp%2fgif cache-miss
146 silly fetch manifest @jimp/png@^0.22.12
147 silly packumentCache full:https://registry.npmjs.org/@jimp%2fpng cache-miss
148 silly fetch manifest @jimp/jpeg@^0.22.12
149 silly packumentCache full:https://registry.npmjs.org/@jimp%2fjpeg cache-miss
150 silly fetch manifest @jimp/tiff@^0.22.12
151 silly packumentCache full:https://registry.npmjs.org/@jimp%2ftiff cache-miss
152 http fetch GET 200 https://registry.npmjs.org/timm 222ms (cache miss)
153 silly packumentCache full:https://registry.npmjs.org/timm set size:undefined disposed:false
154 http fetch GET 200 https://registry.npmjs.org/@jimp%2ftiff 532ms (cache miss)
155 silly packumentCache full:https://registry.npmjs.org/@jimp%2ftiff set size:undefined disposed:false
156 http fetch GET 200 https://registry.npmjs.org/@jimp%2fbmp 841ms (cache miss)
157 silly packumentCache full:https://registry.npmjs.org/@jimp%2fbmp set size:undefined disposed:false
158 http fetch GET 200 https://registry.npmjs.org/@jimp%2futils 864ms (cache miss)
159 silly packumentCache full:https://registry.npmjs.org/@jimp%2futils set size:undefined disposed:false
160 http fetch GET 200 https://registry.npmjs.org/@jimp%2fcore 1064ms (cache miss)
161 silly packumentCache full:https://registry.npmjs.org/@jimp%2fcore set size:undefined disposed:false
162 http fetch GET 200 https://registry.npmjs.org/@jimp%2fgif 1072ms (cache miss)
163 silly packumentCache full:https://registry.npmjs.org/@jimp%2fgif set size:undefined disposed:false
164 http fetch GET 200 https://registry.npmjs.org/@jimp%2fjpeg 1075ms (cache miss)
165 silly packumentCache full:https://registry.npmjs.org/@jimp%2fjpeg set size:undefined disposed:false
166 http fetch GET 200 https://registry.npmjs.org/@jimp%2fpng 1292ms (cache miss)
167 silly packumentCache full:https://registry.npmjs.org/@jimp%2fpng set size:undefined disposed:false
168 silly placeDep ROOT @jimp/core@0.22.12 OK for: @jimp/custom@0.22.12 want: ^0.22.12
169 silly fetch manifest buffer@^5.2.0
170 silly packumentCache full:https://registry.npmjs.org/buffer cache-miss
171 silly fetch manifest any-base@^1.1.0
172 silly packumentCache full:https://registry.npmjs.org/any-base cache-miss
173 silly fetch manifest file-type@^16.5.4
174 silly packumentCache full:https://registry.npmjs.org/file-type cache-miss
175 silly fetch manifest pixelmatch@^4.0.2
176 silly packumentCache full:https://registry.npmjs.org/pixelmatch cache-miss
177 silly fetch manifest tinycolor2@^1.6.0
178 silly packumentCache full:https://registry.npmjs.org/tinycolor2 cache-miss
179 silly fetch manifest exif-parser@^0.1.12
180 silly packumentCache full:https://registry.npmjs.org/exif-parser cache-miss
181 silly fetch manifest isomorphic-fetch@^3.0.0
182 silly packumentCache full:https://registry.npmjs.org/isomorphic-fetch cache-miss
183 http fetch GET 200 https://registry.npmjs.org/isomorphic-fetch 232ms (cache miss)
184 silly packumentCache full:https://registry.npmjs.org/isomorphic-fetch set size:undefined disposed:false
185 http fetch GET 200 https://registry.npmjs.org/tinycolor2 235ms (cache miss)
186 silly packumentCache full:https://registry.npmjs.org/tinycolor2 set size:undefined disposed:false
187 http fetch GET 200 https://registry.npmjs.org/exif-parser 237ms (cache miss)
188 silly packumentCache full:https://registry.npmjs.org/exif-parser set size:undefined disposed:false
189 http fetch GET 200 https://registry.npmjs.org/buffer 239ms (cache miss)
190 silly packumentCache full:https://registry.npmjs.org/buffer set size:undefined disposed:false
191 http fetch GET 200 https://registry.npmjs.org/file-type 255ms (cache miss)
192 silly packumentCache full:https://registry.npmjs.org/file-type set size:undefined disposed:false
193 http fetch GET 200 https://registry.npmjs.org/pixelmatch 463ms (cache miss)
194 silly packumentCache full:https://registry.npmjs.org/pixelmatch set size:undefined disposed:false
195 http fetch GET 200 https://registry.npmjs.org/any-base 771ms (cache miss)
196 silly packumentCache full:https://registry.npmjs.org/any-base set size:undefined disposed:false
197 silly placeDep ROOT @jimp/utils@0.22.12 OK for: @jimp/core@0.22.12 want: ^0.22.12
198 silly placeDep ROOT any-base@1.1.0 OK for: @jimp/core@0.22.12 want: ^1.1.0
199 silly placeDep ROOT buffer@5.7.1 OK for: @jimp/core@0.22.12 want: ^5.2.0
200 silly placeDep ROOT exif-parser@0.1.12 OK for: @jimp/core@0.22.12 want: ^0.1.12
201 silly placeDep ROOT file-type@16.5.4 OK for: @jimp/core@0.22.12 want: ^16.5.4
202 silly placeDep ROOT isomorphic-fetch@3.0.0 OK for: @jimp/core@0.22.12 want: ^3.0.0
203 silly placeDep ROOT pixelmatch@4.0.2 OK for: @jimp/core@0.22.12 want: ^4.0.2
204 silly placeDep ROOT tinycolor2@1.6.0 OK for: @jimp/core@0.22.12 want: ^1.6.0
205 silly fetch manifest regenerator-runtime@^0.13.3
206 silly packumentCache full:https://registry.npmjs.org/regenerator-runtime cache-miss
207 silly fetch manifest base64-js@^1.3.1
208 silly packumentCache full:https://registry.npmjs.org/base64-js cache-miss
209 silly fetch manifest ieee754@^1.1.13
210 silly packumentCache full:https://registry.npmjs.org/ieee754 cache-miss
211 silly fetch manifest strtok3@^6.2.4
212 silly packumentCache full:https://registry.npmjs.org/strtok3 cache-miss
213 silly fetch manifest token-types@^4.1.1
214 silly packumentCache full:https://registry.npmjs.org/token-types cache-miss
215 silly fetch manifest readable-web-to-node-stream@^3.0.0
216 silly packumentCache full:https://registry.npmjs.org/readable-web-to-node-stream cache-miss
217 silly fetch manifest node-fetch@^2.6.1
218 silly packumentCache full:https://registry.npmjs.org/node-fetch cache-miss
219 silly fetch manifest whatwg-fetch@^3.4.1
220 silly packumentCache full:https://registry.npmjs.org/whatwg-fetch cache-miss
221 silly fetch manifest pngjs@^3.0.0
222 silly packumentCache full:https://registry.npmjs.org/pngjs cache-miss
223 http fetch GET 200 https://registry.npmjs.org/pngjs 212ms (cache miss)
224 silly packumentCache full:https://registry.npmjs.org/pngjs set size:undefined disposed:false
225 http fetch GET 200 https://registry.npmjs.org/ieee754 216ms (cache miss)
226 silly packumentCache full:https://registry.npmjs.org/ieee754 set size:undefined disposed:false
227 http fetch GET 200 https://registry.npmjs.org/base64-js 226ms (cache miss)
228 silly packumentCache full:https://registry.npmjs.org/base64-js set size:undefined disposed:false
229 http fetch GET 200 https://registry.npmjs.org/readable-web-to-node-stream 226ms (cache miss)
230 silly packumentCache full:https://registry.npmjs.org/readable-web-to-node-stream set size:undefined disposed:false
231 http fetch GET 200 https://registry.npmjs.org/strtok3 427ms (cache miss)
232 silly packumentCache full:https://registry.npmjs.org/strtok3 set size:undefined disposed:false
233 http fetch GET 200 https://registry.npmjs.org/whatwg-fetch 611ms (cache miss)
234 silly packumentCache full:https://registry.npmjs.org/whatwg-fetch set size:undefined disposed:false
235 http fetch GET 200 https://registry.npmjs.org/token-types 616ms (cache miss)
236 silly packumentCache full:https://registry.npmjs.org/token-types set size:undefined disposed:false
237 http fetch GET 200 https://registry.npmjs.org/node-fetch 618ms (cache miss)
238 silly packumentCache full:https://registry.npmjs.org/node-fetch set size:undefined disposed:false
239 http fetch GET 200 https://registry.npmjs.org/regenerator-runtime 630ms (cache miss)
240 silly packumentCache full:https://registry.npmjs.org/regenerator-runtime set size:undefined disposed:false
241 silly fetch manifest @jimp/custom@>=0.3.5
242 silly packumentCache full:https://registry.npmjs.org/@jimp%2fcustom cache-miss
243 http cache https://registry.npmjs.org/@jimp%2fcustom 9ms (cache hit)
244 silly packumentCache full:https://registry.npmjs.org/@jimp%2fcustom set size:1162364 disposed:false
245 silly placeDep ROOT @jimp/bmp@0.22.12 OK for: @jimp/types@0.22.12 want: ^0.22.12
246 silly placeDep ROOT @jimp/gif@0.22.12 OK for: @jimp/types@0.22.12 want: ^0.22.12
247 silly placeDep ROOT @jimp/jpeg@0.22.12 OK for: @jimp/types@0.22.12 want: ^0.22.12
248 silly placeDep ROOT @jimp/png@0.22.12 OK for: @jimp/types@0.22.12 want: ^0.22.12
249 silly placeDep ROOT @jimp/tiff@0.22.12 OK for: @jimp/types@0.22.12 want: ^0.22.12
250 silly placeDep ROOT timm@1.7.1 OK for: @jimp/types@0.22.12 want: ^1.6.1
251 silly fetch manifest bmp-js@^0.1.0
252 silly packumentCache full:https://registry.npmjs.org/bmp-js cache-miss
253 silly fetch manifest gifwrap@^0.10.1
254 silly packumentCache full:https://registry.npmjs.org/gifwrap cache-miss
255 silly fetch manifest omggif@^1.0.9
256 silly packumentCache full:https://registry.npmjs.org/omggif cache-miss
257 silly fetch manifest jpeg-js@^0.4.4
258 silly packumentCache full:https://registry.npmjs.org/jpeg-js cache-miss
259 silly fetch manifest pngjs@^6.0.0
260 silly packumentCache full:https://registry.npmjs.org/pngjs cache-miss
261 silly fetch manifest utif2@^4.0.1
262 silly packumentCache full:https://registry.npmjs.org/utif2 cache-miss
263 http cache https://registry.npmjs.org/pngjs 23ms (cache hit)
264 silly packumentCache full:https://registry.npmjs.org/pngjs set size:70154 disposed:false
265 http fetch GET 200 https://registry.npmjs.org/gifwrap 213ms (cache miss)
266 silly packumentCache full:https://registry.npmjs.org/gifwrap set size:undefined disposed:false
267 http fetch GET 200 https://registry.npmjs.org/bmp-js 218ms (cache miss)
268 silly packumentCache full:https://registry.npmjs.org/bmp-js set size:undefined disposed:false
269 http fetch GET 200 https://registry.npmjs.org/omggif 223ms (cache miss)
270 silly packumentCache full:https://registry.npmjs.org/omggif set size:undefined disposed:false
271 http fetch GET 200 https://registry.npmjs.org/jpeg-js 224ms (cache miss)
272 silly packumentCache full:https://registry.npmjs.org/jpeg-js set size:undefined disposed:false
273 http fetch GET 200 https://registry.npmjs.org/utif2 226ms (cache miss)
274 silly packumentCache full:https://registry.npmjs.org/utif2 set size:undefined disposed:false
275 silly placeDep ROOT bmp-js@0.1.0 OK for: @jimp/bmp@0.22.12 want: ^0.1.0
276 silly placeDep ROOT gifwrap@0.10.1 OK for: @jimp/gif@0.22.12 want: ^0.10.1
277 silly placeDep ROOT omggif@1.0.10 OK for: @jimp/gif@0.22.12 want: ^1.0.9
278 silly fetch manifest image-q@^4.0.0
279 silly packumentCache full:https://registry.npmjs.org/image-q cache-miss
280 silly fetch manifest omggif@^1.0.10
281 silly packumentCache full:https://registry.npmjs.org/omggif cache-miss
282 http cache https://registry.npmjs.org/omggif 3ms (cache hit)
283 silly packumentCache full:https://registry.npmjs.org/omggif set size:9453 disposed:false
284 http fetch GET 200 https://registry.npmjs.org/image-q 213ms (cache miss)
285 silly packumentCache full:https://registry.npmjs.org/image-q set size:undefined disposed:false
286 silly placeDep ROOT jpeg-js@0.4.4 OK for: @jimp/jpeg@0.22.12 want: ^0.4.4
287 silly placeDep ROOT pngjs@6.0.0 OK for: @jimp/png@0.22.12 want: ^6.0.0
288 silly placeDep ROOT utif2@4.1.0 OK for: @jimp/tiff@0.22.12 want: ^4.0.1
289 silly fetch manifest pako@^1.0.11
290 silly packumentCache full:https://registry.npmjs.org/pako cache-miss
291 http fetch GET 200 https://registry.npmjs.org/pako 212ms (cache miss)
292 silly packumentCache full:https://registry.npmjs.org/pako set size:undefined disposed:false
293 silly placeDep ROOT regenerator-runtime@0.13.11 OK for: @jimp/utils@0.22.12 want: ^0.13.3
294 silly placeDep ROOT base64-js@1.5.1 OK for: buffer@5.7.1 want: ^1.3.1
295 silly placeDep ROOT ieee754@1.2.1 OK for: buffer@5.7.1 want: ^1.1.13
296 silly placeDep ROOT readable-web-to-node-stream@3.0.4 OK for: file-type@16.5.4 want: ^3.0.0
297 silly placeDep ROOT strtok3@6.3.0 OK for: file-type@16.5.4 want: ^6.2.4
298 silly placeDep ROOT token-types@4.2.1 OK for: file-type@16.5.4 want: ^4.1.1
299 silly fetch manifest readable-stream@^4.7.0
300 silly packumentCache full:https://registry.npmjs.org/readable-stream cache-miss
301 silly fetch manifest peek-readable@^4.1.0
302 silly packumentCache full:https://registry.npmjs.org/peek-readable cache-miss
303 silly fetch manifest @tokenizer/token@^0.3.0
304 silly packumentCache full:https://registry.npmjs.org/@tokenizer%2ftoken cache-miss
305 silly fetch manifest @tokenizer/token@^0.3.0
306 silly packumentCache full:https://registry.npmjs.org/@tokenizer%2ftoken cache-miss
307 http fetch GET 200 https://registry.npmjs.org/readable-stream 211ms (cache miss)
308 silly packumentCache full:https://registry.npmjs.org/readable-stream set size:undefined disposed:false
309 http fetch GET 200 https://registry.npmjs.org/@tokenizer%2ftoken 221ms (cache miss)
310 silly packumentCache full:https://registry.npmjs.org/@tokenizer%2ftoken set size:undefined disposed:false
311 http fetch GET 200 https://registry.npmjs.org/peek-readable 222ms (cache miss)
312 silly packumentCache full:https://registry.npmjs.org/peek-readable set size:undefined disposed:false
313 http fetch GET 200 https://registry.npmjs.org/@tokenizer%2ftoken 269ms (cache miss)
314 silly packumentCache full:https://registry.npmjs.org/@tokenizer%2ftoken set size:undefined disposed:false
315 silly placeDep ROOT image-q@4.0.0 OK for: gifwrap@0.10.1 want: ^4.0.0
316 silly fetch manifest @types/node@16.9.1
317 silly packumentCache full:https://registry.npmjs.org/@types%2fnode cache-miss
318 http cache https://registry.npmjs.org/@types%2fnode 21ms (cache hit)
319 silly packumentCache full:https://registry.npmjs.org/@types%2fnode set size:10733106 disposed:false
320 silly placeDep node_modules/image-q @types/node@16.9.1 OK for: image-q@4.0.0 want: 16.9.1
321 silly fetch manifest encoding@^0.1.0
322 silly packumentCache full:https://registry.npmjs.org/encoding cache-miss
323 http fetch GET 200 https://registry.npmjs.org/encoding 258ms (cache miss)
324 silly packumentCache full:https://registry.npmjs.org/encoding set size:undefined disposed:false
325 silly placeDep ROOT node-fetch@2.7.0 OK for: isomorphic-fetch@3.0.0 want: ^2.6.1
326 silly placeDep ROOT whatwg-fetch@3.6.20 OK for: isomorphic-fetch@3.0.0 want: ^3.4.1
327 silly fetch manifest whatwg-url@^5.0.0
328 silly packumentCache full:https://registry.npmjs.org/whatwg-url cache-miss
329 http fetch GET 200 https://registry.npmjs.org/whatwg-url 332ms (cache miss)
330 silly packumentCache full:https://registry.npmjs.org/whatwg-url set size:undefined disposed:false
331 silly placeDep ROOT whatwg-url@5.0.0 OK for: node-fetch@2.7.0 want: ^5.0.0
332 silly fetch manifest tr46@~0.0.3
333 silly packumentCache full:https://registry.npmjs.org/tr46 cache-miss
334 silly fetch manifest webidl-conversions@^3.0.0
335 silly packumentCache full:https://registry.npmjs.org/webidl-conversions cache-miss
336 http fetch GET 200 https://registry.npmjs.org/tr46 211ms (cache miss)
337 silly packumentCache full:https://registry.npmjs.org/tr46 set size:undefined disposed:false
338 http fetch GET 200 https://registry.npmjs.org/webidl-conversions 233ms (cache miss)
339 silly packumentCache full:https://registry.npmjs.org/webidl-conversions set size:undefined disposed:false
340 silly placeDep node_modules/pixelmatch pngjs@3.4.0 OK for: pixelmatch@4.0.2 want: ^3.0.0
341 silly placeDep ROOT readable-stream@4.7.0 OK for: readable-web-to-node-stream@3.0.4 want: ^4.7.0
342 silly fetch manifest abort-controller@^3.0.0
343 silly packumentCache full:https://registry.npmjs.org/abort-controller cache-miss
344 silly fetch manifest buffer@^6.0.3
345 silly packumentCache full:https://registry.npmjs.org/buffer cache-miss
346 silly fetch manifest events@^3.3.0
347 silly packumentCache full:https://registry.npmjs.org/events cache-miss
348 silly fetch manifest process@^0.11.10
349 silly packumentCache full:https://registry.npmjs.org/process cache-miss
350 silly fetch manifest string_decoder@^1.3.0
351 silly packumentCache full:https://registry.npmjs.org/string_decoder cache-miss
352 http cache https://registry.npmjs.org/buffer 7ms (cache hit)
353 silly packumentCache full:https://registry.npmjs.org/buffer set size:280480 disposed:false
354 http fetch GET 200 https://registry.npmjs.org/abort-controller 213ms (cache miss)
355 silly packumentCache full:https://registry.npmjs.org/abort-controller set size:undefined disposed:false
356 http fetch GET 200 https://registry.npmjs.org/events 213ms (cache miss)
357 silly packumentCache full:https://registry.npmjs.org/events set size:undefined disposed:false
358 http fetch GET 200 https://registry.npmjs.org/string_decoder 217ms (cache miss)
359 silly packumentCache full:https://registry.npmjs.org/string_decoder set size:undefined disposed:false
360 http fetch GET 200 https://registry.npmjs.org/process 227ms (cache miss)
361 silly packumentCache full:https://registry.npmjs.org/process set size:undefined disposed:false
362 silly placeDep ROOT abort-controller@3.0.0 OK for: readable-stream@4.7.0 want: ^3.0.0
363 silly placeDep node_modules/readable-stream buffer@6.0.3 OK for: readable-stream@4.7.0 want: ^6.0.3
364 silly placeDep ROOT events@3.3.0 OK for: readable-stream@4.7.0 want: ^3.3.0
365 silly placeDep ROOT process@0.11.10 OK for: readable-stream@4.7.0 want: ^0.11.10
366 silly placeDep ROOT string_decoder@1.3.0 OK for: readable-stream@4.7.0 want: ^1.3.0
367 silly fetch manifest event-target-shim@^5.0.0
368 silly packumentCache full:https://registry.npmjs.org/event-target-shim cache-miss
369 silly fetch manifest safe-buffer@~5.2.0
370 silly packumentCache full:https://registry.npmjs.org/safe-buffer cache-miss
371 http fetch GET 200 https://registry.npmjs.org/safe-buffer 212ms (cache miss)
372 silly packumentCache full:https://registry.npmjs.org/safe-buffer set size:undefined disposed:false
373 http fetch GET 200 https://registry.npmjs.org/event-target-shim 222ms (cache miss)
374 silly packumentCache full:https://registry.npmjs.org/event-target-shim set size:undefined disposed:false
375 silly placeDep ROOT event-target-shim@5.0.1 OK for: abort-controller@3.0.0 want: ^5.0.0
376 silly placeDep ROOT safe-buffer@5.2.1 OK for: string_decoder@1.3.0 want: ~5.2.0
377 silly placeDep ROOT @tokenizer/token@0.3.0 OK for: strtok3@6.3.0 want: ^0.3.0
378 silly placeDep ROOT peek-readable@4.1.0 OK for: strtok3@6.3.0 want: ^4.1.0
379 silly placeDep ROOT pako@1.0.11 OK for: utif2@4.1.0 want: ^1.0.11
380 silly placeDep ROOT tr46@0.0.3 OK for: whatwg-url@5.0.0 want: ~0.0.3
381 silly placeDep ROOT webidl-conversions@3.0.1 OK for: whatwg-url@5.0.0 want: ^3.0.0
382 silly placeDep node_modules/node-vibrant undici-types@5.26.5 OK for: @types/node@18.19.130 want: ~5.26.4
383 silly reify moves {}
384 silly audit bulk request {
384 silly audit   '@alloc/quick-lru': [ '5.2.0' ],
384 silly audit   '@babel/code-frame': [ '7.27.1' ],
384 silly audit   '@babel/compat-data': [ '7.28.5' ],
384 silly audit   '@babel/core': [ '7.28.5' ],
384 silly audit   '@babel/generator': [ '7.28.5' ],
384 silly audit   '@babel/helper-compilation-targets': [ '7.27.2' ],
384 silly audit   '@babel/helper-globals': [ '7.28.0' ],
384 silly audit   '@babel/helper-module-imports': [ '7.27.1' ],
384 silly audit   '@babel/helper-module-transforms': [ '7.28.3' ],
384 silly audit   '@babel/helper-string-parser': [ '7.27.1' ],
384 silly audit   '@babel/helper-validator-identifier': [ '7.28.5' ],
384 silly audit   '@babel/helper-validator-option': [ '7.27.1' ],
384 silly audit   '@babel/helpers': [ '7.28.4' ],
384 silly audit   '@babel/parser': [ '7.28.5' ],
384 silly audit   '@babel/template': [ '7.27.2' ],
384 silly audit   '@babel/traverse': [ '7.28.5' ],
384 silly audit   '@babel/types': [ '7.28.5' ],
384 silly audit   '@emnapi/core': [ '1.7.1' ],
384 silly audit   '@emnapi/runtime': [ '1.7.1' ],
384 silly audit   '@emnapi/wasi-threads': [ '1.1.0' ],
384 silly audit   '@eslint-community/eslint-utils': [ '4.9.0' ],
384 silly audit   'eslint-visitor-keys': [ '3.4.3', '4.2.1' ],
384 silly audit   '@eslint-community/regexpp': [ '4.12.2' ],
384 silly audit   '@eslint/config-array': [ '0.21.1' ],
384 silly audit   '@eslint/config-helpers': [ '0.4.2' ],
384 silly audit   '@eslint/core': [ '0.17.0' ],
384 silly audit   '@eslint/eslintrc': [ '3.3.3' ],
384 silly audit   '@eslint/js': [ '9.39.1' ],
384 silly audit   '@eslint/object-schema': [ '2.1.7' ],
384 silly audit   '@eslint/plugin-kit': [ '0.4.1' ],
384 silly audit   '@humanfs/core': [ '0.19.1' ],
384 silly audit   '@humanfs/node': [ '0.16.7' ],
384 silly audit   '@humanwhocodes/module-importer': [ '1.0.1' ],
384 silly audit   '@humanwhocodes/retry': [ '0.4.3' ],
384 silly audit   '@img/colour': [ '1.0.0' ],
384 silly audit   '@img/sharp-darwin-arm64': [ '0.34.5' ],
384 silly audit   '@img/sharp-darwin-x64': [ '0.34.5' ],
384 silly audit   '@img/sharp-libvips-darwin-arm64': [ '1.2.4' ],
384 silly audit   '@img/sharp-libvips-darwin-x64': [ '1.2.4' ],
384 silly audit   '@img/sharp-libvips-linux-arm': [ '1.2.4' ],
384 silly audit   '@img/sharp-libvips-linux-arm64': [ '1.2.4' ],
384 silly audit   '@img/sharp-libvips-linux-ppc64': [ '1.2.4' ],
384 silly audit   '@img/sharp-libvips-linux-riscv64': [ '1.2.4' ],
384 silly audit   '@img/sharp-libvips-linux-s390x': [ '1.2.4' ],
384 silly audit   '@img/sharp-libvips-linux-x64': [ '1.2.4' ],
384 silly audit   '@img/sharp-libvips-linuxmusl-arm64': [ '1.2.4' ],
384 silly audit   '@img/sharp-libvips-linuxmusl-x64': [ '1.2.4' ],
384 silly audit   '@img/sharp-linux-arm': [ '0.34.5' ],
384 silly audit   '@img/sharp-linux-arm64': [ '0.34.5' ],
384 silly audit   '@img/sharp-linux-ppc64': [ '0.34.5' ],
384 silly audit   '@img/sharp-linux-riscv64': [ '0.34.5' ],
384 silly audit   '@img/sharp-linux-s390x': [ '0.34.5' ],
384 silly audit   '@img/sharp-linux-x64': [ '0.34.5' ],
384 silly audit   '@img/sharp-linuxmusl-arm64': [ '0.34.5' ],
384 silly audit   '@img/sharp-linuxmusl-x64': [ '0.34.5' ],
384 silly audit   '@img/sharp-wasm32': [ '0.34.5' ],
384 silly audit   '@img/sharp-win32-arm64': [ '0.34.5' ],
384 silly audit   '@img/sharp-win32-ia32': [ '0.34.5' ],
384 silly audit   '@img/sharp-win32-x64': [ '0.34.5' ],
384 silly audit   '@jridgewell/gen-mapping': [ '0.3.13' ],
384 silly audit   '@jridgewell/remapping': [ '2.3.5' ],
384 silly audit   '@jridgewell/resolve-uri': [ '3.1.2' ],
384 silly audit   '@jridgewell/sourcemap-codec': [ '1.5.5' ],
384 silly audit   '@jridgewell/trace-mapping': [ '0.3.31' ],
384 silly audit   '@napi-rs/wasm-runtime': [ '0.2.12' ],
384 silly audit   '@next/env': [ '16.0.7' ],
384 silly audit   '@next/eslint-plugin-next': [ '16.0.7' ],
384 silly audit   '@next/swc-darwin-arm64': [ '16.0.7' ],
384 silly audit   '@next/swc-darwin-x64': [ '16.0.7' ],
384 silly audit   '@next/swc-linux-arm64-gnu': [ '16.0.7' ],
384 silly audit   '@next/swc-linux-arm64-musl': [ '16.0.7' ],
384 silly audit   '@next/swc-linux-x64-gnu': [ '16.0.7' ],
384 silly audit   '@next/swc-linux-x64-musl': [ '16.0.7' ],
384 silly audit   '@next/swc-win32-arm64-msvc': [ '16.0.7' ],
384 silly audit   '@next/swc-win32-x64-msvc': [ '16.0.7' ],
384 silly audit   '@nodelib/fs.scandir': [ '2.1.5' ],
384 silly audit   '@nodelib/fs.stat': [ '2.0.5' ],
384 silly audit   '@nodelib/fs.walk': [ '1.2.8' ],
384 silly audit   '@nolyfill/is-core-module': [ '1.0.39' ],
384 silly audit   '@rtsao/scc': [ '1.1.0' ],
384 silly audit   '@supabase/auth-js': [ '2.86.2' ],
384 silly audit   '@supabase/functions-js': [ '2.86.2' ],
384 silly audit   '@supabase/postgrest-js': [ '2.86.2' ],
384 silly audit   '@supabase/realtime-js': [ '2.86.2' ],
384 silly audit   '@supabase/ssr': [ '0.8.0' ],
384 silly audit   '@supabase/storage-js': [ '2.86.2' ],
384 silly audit   '@supabase/supabase-js': [ '2.86.2' ],
384 silly audit   '@swc/helpers': [ '0.5.15' ],
384 silly audit   '@tailwindcss/node': [ '4.1.17' ],
384 silly audit   '@tailwindcss/oxide': [ '4.1.17' ],
384 silly audit   '@tailwindcss/oxide-android-arm64': [ '4.1.17' ],
384 silly audit   '@tailwindcss/oxide-darwin-arm64': [ '4.1.17' ],
384 silly audit   '@tailwindcss/oxide-darwin-x64': [ '4.1.17' ],
384 silly audit   '@tailwindcss/oxide-freebsd-x64': [ '4.1.17' ],
384 silly audit   '@tailwindcss/oxide-linux-arm-gnueabihf': [ '4.1.17' ],
384 silly audit   '@tailwindcss/oxide-linux-arm64-gnu': [ '4.1.17' ],
384 silly audit   '@tailwindcss/oxide-linux-arm64-musl': [ '4.1.17' ],
384 silly audit   '@tailwindcss/oxide-linux-x64-gnu': [ '4.1.17' ],
384 silly audit   '@tailwindcss/oxide-linux-x64-musl': [ '4.1.17' ],
384 silly audit   '@tailwindcss/oxide-wasm32-wasi': [ '4.1.17' ],
384 silly audit   '@tailwindcss/oxide-win32-arm64-msvc': [ '4.1.17' ],
384 silly audit   '@tailwindcss/oxide-win32-x64-msvc': [ '4.1.17' ],
384 silly audit   '@tailwindcss/postcss': [ '4.1.17' ],
384 silly audit   '@tybys/wasm-util': [ '0.10.1' ],
384 silly audit   '@types/estree': [ '1.0.8' ],
384 silly audit   '@types/json-schema': [ '7.0.15' ],
384 silly audit   '@types/json5': [ '0.0.29' ],
384 silly audit   '@types/node': [ '20.19.25', '18.19.130', '16.9.1' ],
384 silly audit   '@types/phoenix': [ '1.6.6' ],
384 silly audit   '@types/react': [ '19.2.7' ],
384 silly audit   '@types/react-dom': [ '19.2.3' ],
384 silly audit   '@types/ws': [ '8.18.1' ],
384 silly audit   '@typescript-eslint/eslint-plugin': [ '8.48.1' ],
384 silly audit   ignore: [ '7.0.5', '5.3.2' ],
384 silly audit   '@typescript-eslint/parser': [ '8.48.1' ],
384 silly audit   '@typescript-eslint/project-service': [ '8.48.1' ],
384 silly audit   '@typescript-eslint/scope-manager': [ '8.48.1' ],
384 silly audit   '@typescript-eslint/tsconfig-utils': [ '8.48.1' ],
384 silly audit   '@typescript-eslint/type-utils': [ '8.48.1' ],
384 silly audit   '@typescript-eslint/types': [ '8.48.1' ],
384 silly audit   '@typescript-eslint/typescript-estree': [ '8.48.1' ],
384 silly audit   'brace-expansion': [ '2.0.2', '1.1.12' ],
384 silly audit   minimatch: [ '9.0.5', '3.1.2' ],
384 silly audit   semver: [ '7.7.3', '6.3.1' ],
384 silly audit   '@typescript-eslint/utils': [ '8.48.1' ],
384 silly audit   '@typescript-eslint/visitor-keys': [ '8.48.1' ],
384 silly audit   '@unrs/resolver-binding-android-arm-eabi': [ '1.11.1' ],
384 silly audit   '@unrs/resolver-binding-android-arm64': [ '1.11.1' ],
384 silly audit   '@unrs/resolver-binding-darwin-arm64': [ '1.11.1' ],
384 silly audit   '@unrs/resolver-binding-darwin-x64': [ '1.11.1' ],
384 silly audit   '@unrs/resolver-binding-freebsd-x64': [ '1.11.1' ],
384 silly audit   '@unrs/resolver-binding-linux-arm-gnueabihf': [ '1.11.1' ],
384 silly audit   '@unrs/resolver-binding-linux-arm-musleabihf': [ '1.11.1' ],
384 silly audit   '@unrs/resolver-binding-linux-arm64-gnu': [ '1.11.1' ],
384 silly audit   '@unrs/resolver-binding-linux-arm64-musl': [ '1.11.1' ],
384 silly audit   '@unrs/resolver-binding-linux-ppc64-gnu': [ '1.11.1' ],
384 silly audit   '@unrs/resolver-binding-linux-riscv64-gnu': [ '1.11.1' ],
384 silly audit   '@unrs/resolver-binding-linux-riscv64-musl': [ '1.11.1' ],
384 silly audit   '@unrs/resolver-binding-linux-s390x-gnu': [ '1.11.1' ],
384 silly audit   '@unrs/resolver-binding-linux-x64-gnu': [ '1.11.1' ],
384 silly audit   '@unrs/resolver-binding-linux-x64-musl': [ '1.11.1' ],
384 silly audit   '@unrs/resolver-binding-wasm32-wasi': [ '1.11.1' ],
384 silly audit   '@unrs/resolver-binding-win32-arm64-msvc': [ '1.11.1' ],
384 silly audit   '@unrs/resolver-binding-win32-ia32-msvc': [ '1.11.1' ],
384 silly audit   '@unrs/resolver-binding-win32-x64-msvc': [ '1.11.1' ],
384 silly audit   acorn: [ '8.15.0' ],
384 silly audit   'acorn-jsx': [ '5.3.2' ],
384 silly audit   ajv: [ '6.12.6' ],
384 silly audit   'ansi-styles': [ '4.3.0' ],
384 silly audit   argparse: [ '2.0.1' ],
384 silly audit   'aria-query': [ '5.3.2' ],
384 silly audit   'array-buffer-byte-length': [ '1.0.2' ],
384 silly audit   'array-includes': [ '3.1.9' ],
384 silly audit   'array.prototype.findlast': [ '1.2.5' ],
384 silly audit   'array.prototype.findlastindex': [ '1.2.6' ],
384 silly audit   'array.prototype.flat': [ '1.3.3' ],
384 silly audit   'array.prototype.flatmap': [ '1.3.3' ],
384 silly audit   'array.prototype.tosorted': [ '1.1.4' ],
384 silly audit   'arraybuffer.prototype.slice': [ '1.0.4' ],
384 silly audit   'ast-types-flow': [ '0.0.8' ],
384 silly audit   'async-function': [ '1.0.0' ],
384 silly audit   'available-typed-arrays': [ '1.0.7' ],
384 silly audit   'axe-core': [ '4.11.0' ],
384 silly audit   'axobject-query': [ '4.1.0' ],
384 silly audit   'balanced-match': [ '1.0.2' ],
384 silly audit   'baseline-browser-mapping': [ '2.9.4' ],
384 silly audit   braces: [ '3.0.3' ],
384 silly audit   browserslist: [ '4.28.1' ],
384 silly audit   'call-bind': [ '1.0.8' ],
384 silly audit   'call-bind-apply-helpers': [ '1.0.2' ],
384 silly audit   'call-bound': [ '1.0.4' ],
384 silly audit   callsites: [ '3.1.0' ],
384 silly audit   'caniuse-lite': [ '1.0.30001759' ],
384 silly audit   chalk: [ '4.1.2' ],
384 silly audit   'client-only': [ '0.0.1' ],
384 silly audit   clsx: [ '2.1.1' ],
384 silly audit   'color-convert': [ '2.0.1' ],
384 silly audit   'color-name': [ '1.1.4' ],
384 silly audit   'concat-map': [ '0.0.1' ],
384 silly audit   'convert-source-map': [ '2.0.0' ],
384 silly audit   cookie: [ '1.1.1' ],
384 silly audit   'cross-spawn': [ '7.0.6' ],
384 silly audit   csstype: [ '3.2.3' ],
384 silly audit   'damerau-levenshtein': [ '1.0.8' ],
384 silly audit   'data-view-buffer': [ '1.0.2' ],
384 silly audit   'data-view-byte-length': [ '1.0.2' ],
384 silly audit   'data-view-byte-offset': [ '1.0.1' ],
384 silly audit   debug: [ '4.4.3', '3.2.7' ],
384 silly audit   'deep-is': [ '0.1.4' ],
384 silly audit   'define-data-property': [ '1.1.4' ],
384 silly audit   'define-properties': [ '1.2.1' ],
384 silly audit   'detect-libc': [ '2.1.2' ],
384 silly audit   doctrine: [ '2.1.0' ],
384 silly audit   'dunder-proto': [ '1.0.1' ],
384 silly audit   'electron-to-chromium': [ '1.5.266' ],
384 silly audit   'emoji-regex': [ '9.2.2' ],
384 silly audit   'enhanced-resolve': [ '5.18.3' ],
384 silly audit   'es-abstract': [ '1.24.0' ],
384 silly audit   'es-define-property': [ '1.0.1' ],
384 silly audit   'es-errors': [ '1.3.0' ],
384 silly audit   'es-iterator-helpers': [ '1.2.1' ],
384 silly audit   'es-object-atoms': [ '1.1.1' ],
384 silly audit   'es-set-tostringtag': [ '2.1.0' ],
384 silly audit   'es-shim-unscopables': [ '1.1.0' ],
384 silly audit   'es-to-primitive': [ '1.3.0' ],
384 silly audit   escalade: [ '3.2.0' ],
384 silly audit   'escape-string-regexp': [ '4.0.0' ],
384 silly audit   eslint: [ '9.39.1' ],
384 silly audit   'eslint-config-next': [ '16.0.7' ],
384 silly audit   globals: [ '16.4.0', '14.0.0' ],
384 silly audit   'eslint-import-resolver-node': [ '0.3.9' ],
384 silly audit   'eslint-import-resolver-typescript': [ '3.10.1' ],
384 silly audit   'eslint-module-utils': [ '2.12.1' ],
384 silly audit   'eslint-plugin-import': [ '2.32.0' ],
384 silly audit   'eslint-plugin-jsx-a11y': [ '6.10.2' ],
384 silly audit   'eslint-plugin-react': [ '7.37.5' ],
384 silly audit   'eslint-plugin-react-hooks': [ '7.0.1' ],
384 silly audit   resolve: [ '2.0.0-next.5', '1.22.11' ],
384 silly audit   'eslint-scope': [ '8.4.0' ],
384 silly audit   espree: [ '10.4.0' ],
384 silly audit   esquery: [ '1.6.0' ],
384 silly audit   esrecurse: [ '4.3.0' ],
384 silly audit   estraverse: [ '5.3.0' ],
384 silly audit   esutils: [ '2.0.3' ],
384 silly audit   'fast-deep-equal': [ '3.1.3' ],
384 silly audit   'fast-glob': [ '3.3.1' ],
384 silly audit   'glob-parent': [ '5.1.2', '6.0.2' ],
384 silly audit   'fast-json-stable-stringify': [ '2.1.0' ],
384 silly audit   'fast-levenshtein': [ '2.0.6' ],
384 silly audit   fastq: [ '1.19.1' ],
384 silly audit   'file-entry-cache': [ '8.0.0' ],
384 silly audit   'fill-range': [ '7.1.1' ],
384 silly audit   'find-up': [ '5.0.0' ],
384 silly audit   'flat-cache': [ '4.0.1' ],
384 silly audit   flatted: [ '3.3.3' ],
384 silly audit   'for-each': [ '0.3.5' ],
384 silly audit   'function-bind': [ '1.1.2' ],
384 silly audit   'function.prototype.name': [ '1.1.8' ],
384 silly audit   'functions-have-names': [ '1.2.3' ],
384 silly audit   'generator-function': [ '2.0.1' ],
384 silly audit   gensync: [ '1.0.0-beta.2' ],
384 silly audit   'get-intrinsic': [ '1.3.0' ],
384 silly audit   'get-proto': [ '1.0.1' ],
384 silly audit   'get-symbol-description': [ '1.1.0' ],
384 silly audit   'get-tsconfig': [ '4.13.0' ],
384 silly audit   globalthis: [ '1.0.4' ],
384 silly audit   gopd: [ '1.2.0' ],
384 silly audit   'graceful-fs': [ '4.2.11' ],
384 silly audit   graphemer: [ '1.4.0' ],
384 silly audit   'has-bigints': [ '1.1.0' ],
384 silly audit   'has-flag': [ '4.0.0' ],
384 silly audit   'has-property-descriptors': [ '1.0.2' ],
384 silly audit   'has-proto': [ '1.2.0' ],
384 silly audit   'has-symbols': [ '1.1.0' ],
384 silly audit   'has-tostringtag': [ '1.0.2' ],
384 silly audit   hasown: [ '2.0.2' ],
384 silly audit   'hermes-estree': [ '0.25.1' ],
384 silly audit   'hermes-parser': [ '0.25.1' ],
384 silly audit   'iceberg-js': [ '0.8.1' ],
384 silly audit   'import-fresh': [ '3.3.1' ],
384 silly audit   imurmurhash: [ '0.1.4' ],
384 silly audit   'internal-slot': [ '1.1.0' ],
384 silly audit   'is-array-buffer': [ '3.0.5' ],
384 silly audit   'is-async-function': [ '2.1.1' ],
384 silly audit   'is-bigint': [ '1.1.0' ],
384 silly audit   'is-boolean-object': [ '1.2.2' ],
384 silly audit   'is-bun-module': [ '2.0.0' ],
384 silly audit   'is-callable': [ '1.2.7' ],
384 silly audit   'is-core-module': [ '2.16.1' ],
384 silly audit   'is-data-view': [ '1.0.2' ],
384 silly audit   'is-date-object': [ '1.1.0' ],
384 silly audit   'is-extglob': [ '2.1.1' ],
384 silly audit   'is-finalizationregistry': [ '1.1.1' ],
384 silly audit   'is-generator-function': [ '1.1.2' ],
384 silly audit   'is-glob': [ '4.0.3' ],
384 silly audit   'is-map': [ '2.0.3' ],
384 silly audit   'is-negative-zero': [ '2.0.3' ],
384 silly audit   'is-number': [ '7.0.0' ],
384 silly audit   'is-number-object': [ '1.1.1' ],
384 silly audit   'is-regex': [ '1.2.1' ],
384 silly audit   'is-set': [ '2.0.3' ],
384 silly audit   'is-shared-array-buffer': [ '1.0.4' ],
384 silly audit   'is-string': [ '1.1.1' ],
384 silly audit   'is-symbol': [ '1.1.1' ],
384 silly audit   'is-typed-array': [ '1.1.15' ],
384 silly audit   'is-weakmap': [ '2.0.2' ],
384 silly audit   'is-weakref': [ '1.1.1' ],
384 silly audit   'is-weakset': [ '2.0.4' ],
384 silly audit   isarray: [ '2.0.5' ],
384 silly audit   isexe: [ '2.0.0' ],
384 silly audit   'iterator.prototype': [ '1.1.5' ],
384 silly audit   jiti: [ '2.6.1' ],
384 silly audit   'js-tokens': [ '4.0.0' ],
384 silly audit   'js-yaml': [ '4.1.1' ],
384 silly audit   jsesc: [ '3.1.0' ],
384 silly audit   'json-buffer': [ '3.0.1' ],
384 silly audit   'json-schema-traverse': [ '0.4.1' ],
384 silly audit   'json-stable-stringify-without-jsonify': [ '1.0.1' ],
384 silly audit   json5: [ '2.2.3', '1.0.2' ],
384 silly audit   'jsx-ast-utils': [ '3.3.5' ],
384 silly audit   keyv: [ '4.5.4' ],
384 silly audit   'language-subtag-registry': [ '0.3.23' ],
384 silly audit   'language-tags': [ '1.0.9' ],
384 silly audit   levn: [ '0.4.1' ],
384 silly audit   lightningcss: [ '1.30.2' ],
384 silly audit   'lightningcss-android-arm64': [ '1.30.2' ],
384 silly audit   'lightningcss-darwin-arm64': [ '1.30.2' ],
384 silly audit   'lightningcss-darwin-x64': [ '1.30.2' ],
384 silly audit   'lightningcss-freebsd-x64': [ '1.30.2' ],
384 silly audit   'lightningcss-linux-arm-gnueabihf': [ '1.30.2' ],
384 silly audit   'lightningcss-linux-arm64-gnu': [ '1.30.2' ],
384 silly audit   'lightningcss-linux-arm64-musl': [ '1.30.2' ],
384 silly audit   'lightningcss-linux-x64-gnu': [ '1.30.2' ],
384 silly audit   'lightningcss-linux-x64-musl': [ '1.30.2' ],
384 silly audit   'lightningcss-win32-arm64-msvc': [ '1.30.2' ],
384 silly audit   'lightningcss-win32-x64-msvc': [ '1.30.2' ],
384 silly audit   'locate-path': [ '6.0.0' ],
384 silly audit   'lodash.merge': [ '4.6.2' ],
384 silly audit   'loose-envify': [ '1.4.0' ],
384 silly audit   'lru-cache': [ '5.1.1' ],
384 silly audit   'lucide-react': [ '0.556.0' ],
384 silly audit   'magic-string': [ '0.30.21' ],
384 silly audit   'math-intrinsics': [ '1.1.0' ],
384 silly audit   merge2: [ '1.4.1' ],
384 silly audit   micromatch: [ '4.0.8' ],
384 silly audit   minimist: [ '1.2.8' ],
384 silly audit   ms: [ '2.1.3' ],
384 silly audit   nanoid: [ '3.3.11' ],
384 silly audit   'napi-postinstall': [ '0.3.4' ],
384 silly audit   'natural-compare': [ '1.4.0' ],
384 silly audit   next: [ '16.0.7' ],
384 silly audit   postcss: [ '8.4.31', '8.5.6' ],
384 silly audit   'node-releases': [ '2.0.27' ],
384 silly audit   'object-assign': [ '4.1.1' ],
384 silly audit   'object-inspect': [ '1.13.4' ],
384 silly audit   'object-keys': [ '1.1.1' ],
384 silly audit   'object.assign': [ '4.1.7' ],
384 silly audit   'object.entries': [ '1.1.9' ],
384 silly audit   'object.fromentries': [ '2.0.8' ],
384 silly audit   'object.groupby': [ '1.0.3' ],
384 silly audit   'object.values': [ '1.2.1' ],
384 silly audit   optionator: [ '0.9.4' ],
384 silly audit   'own-keys': [ '1.0.1' ],
384 silly audit   'p-limit': [ '3.1.0' ],
384 silly audit   'p-locate': [ '5.0.0' ],
384 silly audit   'parent-module': [ '1.0.1' ],
384 silly audit   'path-exists': [ '4.0.0' ],
384 silly audit   'path-key': [ '3.1.1' ],
384 silly audit   'path-parse': [ '1.0.7' ],
384 silly audit   picocolors: [ '1.1.1' ],
384 silly audit   picomatch: [ '2.3.1', '4.0.3' ],
384 silly audit   'possible-typed-array-names': [ '1.1.0' ],
384 silly audit   'prelude-ls': [ '1.2.1' ],
384 silly audit   'prop-types': [ '15.8.1' ],
384 silly audit   punycode: [ '2.3.1' ],
384 silly audit   'queue-microtask': [ '1.2.3' ],
384 silly audit   react: [ '19.2.0' ],
384 silly audit   'react-dom': [ '19.2.0' ],
384 silly audit   'react-is': [ '16.13.1' ],
384 silly audit   'reflect.getprototypeof': [ '1.0.10' ],
384 silly audit   'regexp.prototype.flags': [ '1.5.4' ],
384 silly audit   'resolve-from': [ '4.0.0' ],
384 silly audit   'resolve-pkg-maps': [ '1.0.0' ],
384 silly audit   reusify: [ '1.1.0' ],
384 silly audit   'run-parallel': [ '1.2.0' ],
384 silly audit   'safe-array-concat': [ '1.1.3' ],
384 silly audit   'safe-push-apply': [ '1.0.0' ],
384 silly audit   'safe-regex-test': [ '1.1.0' ],
384 silly audit   scheduler: [ '0.27.0' ],
384 silly audit   'set-function-length': [ '1.2.2' ],
384 silly audit   'set-function-name': [ '2.0.2' ],
384 silly audit   'set-proto': [ '1.0.0' ],
384 silly audit   sharp: [ '0.34.5' ],
384 silly audit   'shebang-command': [ '2.0.0' ],
384 silly audit   'shebang-regex': [ '3.0.0' ],
384 silly audit   'side-channel': [ '1.1.0' ],
384 silly audit   'side-channel-list': [ '1.0.0' ],
384 silly audit   'side-channel-map': [ '1.0.1' ],
384 silly audit   'side-channel-weakmap': [ '1.0.2' ],
384 silly audit   'source-map-js': [ '1.2.1' ],
384 silly audit   'stable-hash': [ '0.0.5' ],
384 silly audit   'stop-iteration-iterator': [ '1.1.0' ],
384 silly audit   'string.prototype.includes': [ '2.0.1' ],
384 silly audit   'string.prototype.matchall': [ '4.0.12' ],
384 silly audit   'string.prototype.repeat': [ '1.0.0' ],
384 silly audit   'string.prototype.trim': [ '1.2.10' ],
384 silly audit   'string.prototype.trimend': [ '1.0.9' ],
384 silly audit   'string.prototype.trimstart': [ '1.0.8' ],
384 silly audit   'strip-bom': [ '3.0.0' ],
384 silly audit   'strip-json-comments': [ '3.1.1' ],
384 silly audit   'styled-jsx': [ '5.1.6' ],
384 silly audit   'supports-color': [ '7.2.0' ],
384 silly audit   'supports-preserve-symlinks-flag': [ '1.0.0' ],
384 silly audit   'tailwind-merge': [ '3.4.0' ],
384 silly audit   tailwindcss: [ '4.1.17' ],
384 silly audit   tapable: [ '2.3.0' ],
384 silly audit   tinyglobby: [ '0.2.15' ],
384 silly audit   fdir: [ '6.5.0' ],
384 silly audit   'to-regex-range': [ '5.0.1' ],
384 silly audit   'ts-api-utils': [ '2.1.0' ],
384 silly audit   'tsconfig-paths': [ '3.15.0' ],
384 silly audit   tslib: [ '2.8.1' ],
384 silly audit   'type-check': [ '0.4.0' ],
384 silly audit   'typed-array-buffer': [ '1.0.3' ],
384 silly audit   'typed-array-byte-length': [ '1.0.3' ],
384 silly audit   'typed-array-byte-offset': [ '1.0.4' ],
384 silly audit   'typed-array-length': [ '1.0.7' ],
384 silly audit   typescript: [ '5.9.3' ],
384 silly audit   'typescript-eslint': [ '8.48.1' ],
384 silly audit   'unbox-primitive': [ '1.1.0' ],
384 silly audit   'undici-types': [ '6.21.0', '5.26.5' ],
384 silly audit   'unrs-resolver': [ '1.11.1' ],
384 silly audit   'update-browserslist-db': [ '1.2.2' ],
384 silly audit   'uri-js': [ '4.4.1' ],
384 silly audit   which: [ '2.0.2' ],
384 silly audit   'which-boxed-primitive': [ '1.1.1' ],
384 silly audit   'which-builtin-type': [ '1.2.1' ],
384 silly audit   'which-collection': [ '1.0.2' ],
384 silly audit   'which-typed-array': [ '1.1.19' ],
384 silly audit   'word-wrap': [ '1.2.5' ],
384 silly audit   ws: [ '8.18.3' ],
384 silly audit   yallist: [ '3.1.1' ],
384 silly audit   'yocto-queue': [ '0.1.0' ],
384 silly audit   zod: [ '4.1.13' ],
384 silly audit   'zod-validation-error': [ '4.0.2' ],
384 silly audit   'node-vibrant': [ '4.0.3' ],
384 silly audit   '@vibrant/core': [ '4.0.0' ],
384 silly audit   '@vibrant/generator-default': [ '4.0.3' ],
384 silly audit   '@vibrant/image-browser': [ '4.0.0' ],
384 silly audit   '@vibrant/image-node': [ '4.0.0' ],
384 silly audit   '@vibrant/quantizer-mmcq': [ '4.0.0' ],
384 silly audit   '@vibrant/color': [ '4.0.0' ],
384 silly audit   '@vibrant/generator': [ '4.0.0' ],
384 silly audit   '@vibrant/image': [ '4.0.0' ],
384 silly audit   '@vibrant/quantizer': [ '4.0.0' ],
384 silly audit   '@vibrant/worker': [ '4.0.0' ],
384 silly audit   '@vibrant/types': [ '4.0.0' ],
384 silly audit   '@jimp/custom': [ '0.22.12' ],
384 silly audit   '@jimp/plugin-resize': [ '0.22.12' ],
384 silly audit   '@jimp/types': [ '0.22.12' ],
384 silly audit   '@jimp/core': [ '0.22.12' ],
384 silly audit   '@jimp/utils': [ '0.22.12' ],
384 silly audit   'any-base': [ '1.1.0' ],
384 silly audit   buffer: [ '5.7.1', '6.0.3' ],
384 silly audit   'exif-parser': [ '0.1.12' ],
384 silly audit   'file-type': [ '16.5.4' ],
384 silly audit   'isomorphic-fetch': [ '3.0.0' ],
384 silly audit   pixelmatch: [ '4.0.2' ],
384 silly audit   tinycolor2: [ '1.6.0' ],
384 silly audit   '@jimp/bmp': [ '0.22.12' ],
384 silly audit   '@jimp/gif': [ '0.22.12' ],
384 silly audit   '@jimp/jpeg': [ '0.22.12' ],
384 silly audit   '@jimp/png': [ '0.22.12' ],
384 silly audit   '@jimp/tiff': [ '0.22.12' ],
384 silly audit   timm: [ '1.7.1' ],
384 silly audit   'bmp-js': [ '0.1.0' ],
384 silly audit   gifwrap: [ '0.10.1' ],
384 silly audit   omggif: [ '1.0.10' ],
384 silly audit   'jpeg-js': [ '0.4.4' ],
384 silly audit   pngjs: [ '6.0.0', '3.4.0' ],
384 silly audit   utif2: [ '4.1.0' ],
384 silly audit   'regenerator-runtime': [ '0.13.11' ],
384 silly audit   'base64-js': [ '1.5.1' ],
384 silly audit   ieee754: [ '1.2.1' ],
384 silly audit   'readable-web-to-node-stream': [ '3.0.4' ],
384 silly audit   strtok3: [ '6.3.0' ],
384 silly audit   'token-types': [ '4.2.1' ],
384 silly audit   'image-q': [ '4.0.0' ],
384 silly audit   'node-fetch': [ '2.7.0' ],
384 silly audit   'whatwg-fetch': [ '3.6.20' ],
384 silly audit   'whatwg-url': [ '5.0.0' ],
384 silly audit   'readable-stream': [ '4.7.0' ],
384 silly audit   'abort-controller': [ '3.0.0' ],
384 silly audit   events: [ '3.3.0' ],
384 silly audit   process: [ '0.11.10' ],
384 silly audit   string_decoder: [ '1.3.0' ],
384 silly audit   'event-target-shim': [ '5.0.1' ],
384 silly audit   'safe-buffer': [ '5.2.1' ],
384 silly audit   '@tokenizer/token': [ '0.3.0' ],
384 silly audit   'peek-readable': [ '4.1.0' ],
384 silly audit   pako: [ '1.0.11' ],
384 silly audit   tr46: [ '0.0.3' ],
384 silly audit   'webidl-conversions': [ '3.0.1' ]
384 silly audit }
385 http cache webidl-conversions@https://registry.npmjs.org/webidl-conversions/-/webidl-conversions-3.0.1.tgz 0ms (cache hit)
386 http cache pako@https://registry.npmjs.org/pako/-/pako-1.0.11.tgz 0ms (cache hit)
387 http cache tr46@https://registry.npmjs.org/tr46/-/tr46-0.0.3.tgz 0ms (cache hit)
388 http cache safe-buffer@https://registry.npmjs.org/safe-buffer/-/safe-buffer-5.2.1.tgz 0ms (cache hit)
389 http cache string_decoder@https://registry.npmjs.org/string_decoder/-/string_decoder-1.3.0.tgz 0ms (cache hit)
390 http cache event-target-shim@https://registry.npmjs.org/event-target-shim/-/event-target-shim-5.0.1.tgz 0ms (cache hit)
391 http cache @tokenizer/token@https://registry.npmjs.org/@tokenizer/token/-/token-0.3.0.tgz 0ms (cache hit)
392 http cache process@https://registry.npmjs.org/process/-/process-0.11.10.tgz 0ms (cache hit)
393 http cache events@https://registry.npmjs.org/events/-/events-3.3.0.tgz 0ms (cache hit)
394 http cache peek-readable@https://registry.npmjs.org/peek-readable/-/peek-readable-4.1.0.tgz 0ms (cache hit)
395 http cache readable-stream@https://registry.npmjs.org/readable-stream/-/readable-stream-4.7.0.tgz 0ms (cache hit)
396 http cache whatwg-url@https://registry.npmjs.org/whatwg-url/-/whatwg-url-5.0.0.tgz 0ms (cache hit)
397 http cache abort-controller@https://registry.npmjs.org/abort-controller/-/abort-controller-3.0.0.tgz 0ms (cache hit)
398 http cache node-fetch@https://registry.npmjs.org/node-fetch/-/node-fetch-2.7.0.tgz 0ms (cache hit)
399 http cache whatwg-fetch@https://registry.npmjs.org/whatwg-fetch/-/whatwg-fetch-3.6.20.tgz 0ms (cache hit)
400 http cache image-q@https://registry.npmjs.org/image-q/-/image-q-4.0.0.tgz 0ms (cache hit)
401 http cache strtok3@https://registry.npmjs.org/strtok3/-/strtok3-6.3.0.tgz 0ms (cache hit)
402 http cache token-types@https://registry.npmjs.org/token-types/-/token-types-4.2.1.tgz 0ms (cache hit)
403 http cache readable-web-to-node-stream@https://registry.npmjs.org/readable-web-to-node-stream/-/readable-web-to-node-stream-3.0.4.tgz 0ms (cache hit)
404 http cache ieee754@https://registry.npmjs.org/ieee754/-/ieee754-1.2.1.tgz 0ms (cache hit)
405 http cache base64-js@https://registry.npmjs.org/base64-js/-/base64-js-1.5.1.tgz 0ms (cache hit)
406 http cache utif2@https://registry.npmjs.org/utif2/-/utif2-4.1.0.tgz 0ms (cache hit)
407 http cache regenerator-runtime@https://registry.npmjs.org/regenerator-runtime/-/regenerator-runtime-0.13.11.tgz 0ms (cache hit)
408 http cache pngjs@https://registry.npmjs.org/pngjs/-/pngjs-6.0.0.tgz 0ms (cache hit)
409 http cache jpeg-js@https://registry.npmjs.org/jpeg-js/-/jpeg-js-0.4.4.tgz 0ms (cache hit)
410 http cache omggif@https://registry.npmjs.org/omggif/-/omggif-1.0.10.tgz 0ms (cache hit)
411 http cache timm@https://registry.npmjs.org/timm/-/timm-1.7.1.tgz 0ms (cache hit)
412 http cache @jimp/tiff@https://registry.npmjs.org/@jimp/tiff/-/tiff-0.22.12.tgz 0ms (cache hit)
413 http cache gifwrap@https://registry.npmjs.org/gifwrap/-/gifwrap-0.10.1.tgz 0ms (cache hit)
414 http cache bmp-js@https://registry.npmjs.org/bmp-js/-/bmp-js-0.1.0.tgz 0ms (cache hit)
415 http cache @jimp/png@https://registry.npmjs.org/@jimp/png/-/png-0.22.12.tgz 0ms (cache hit)
416 http cache @jimp/jpeg@https://registry.npmjs.org/@jimp/jpeg/-/jpeg-0.22.12.tgz 0ms (cache hit)
417 http cache @jimp/gif@https://registry.npmjs.org/@jimp/gif/-/gif-0.22.12.tgz 0ms (cache hit)
418 http cache @jimp/bmp@https://registry.npmjs.org/@jimp/bmp/-/bmp-0.22.12.tgz 0ms (cache hit)
419 http cache tinycolor2@https://registry.npmjs.org/tinycolor2/-/tinycolor2-1.6.0.tgz 0ms (cache hit)
420 http cache pixelmatch@https://registry.npmjs.org/pixelmatch/-/pixelmatch-4.0.2.tgz 0ms (cache hit)
421 http cache file-type@https://registry.npmjs.org/file-type/-/file-type-16.5.4.tgz 0ms (cache hit)
422 http cache exif-parser@https://registry.npmjs.org/exif-parser/-/exif-parser-0.1.12.tgz 0ms (cache hit)
423 http cache buffer@https://registry.npmjs.org/buffer/-/buffer-5.7.1.tgz 0ms (cache hit)
424 http cache isomorphic-fetch@https://registry.npmjs.org/isomorphic-fetch/-/isomorphic-fetch-3.0.0.tgz 0ms (cache hit)
425 http cache any-base@https://registry.npmjs.org/any-base/-/any-base-1.1.0.tgz 0ms (cache hit)
426 http cache @jimp/utils@https://registry.npmjs.org/@jimp/utils/-/utils-0.22.12.tgz 0ms (cache hit)
427 http cache @jimp/core@https://registry.npmjs.org/@jimp/core/-/core-0.22.12.tgz 0ms (cache hit)
428 http cache @jimp/types@https://registry.npmjs.org/@jimp/types/-/types-0.22.12.tgz 0ms (cache hit)
429 http cache @jimp/plugin-resize@https://registry.npmjs.org/@jimp/plugin-resize/-/plugin-resize-0.22.12.tgz 0ms (cache hit)
430 http cache @vibrant/worker@https://registry.npmjs.org/@vibrant/worker/-/worker-4.0.0.tgz 0ms (cache hit)
431 http cache @vibrant/quantizer@https://registry.npmjs.org/@vibrant/quantizer/-/quantizer-4.0.0.tgz 0ms (cache hit)
432 http cache @vibrant/types@https://registry.npmjs.org/@vibrant/types/-/types-4.0.0.tgz 0ms (cache hit)
433 http cache @jimp/custom@https://registry.npmjs.org/@jimp/custom/-/custom-0.22.12.tgz 0ms (cache hit)
434 http cache @vibrant/image@https://registry.npmjs.org/@vibrant/image/-/image-4.0.0.tgz 0ms (cache hit)
435 http cache @vibrant/generator@https://registry.npmjs.org/@vibrant/generator/-/generator-4.0.0.tgz 0ms (cache hit)
436 http cache @vibrant/color@https://registry.npmjs.org/@vibrant/color/-/color-4.0.0.tgz 0ms (cache hit)
437 http cache @vibrant/image-node@https://registry.npmjs.org/@vibrant/image-node/-/image-node-4.0.0.tgz 0ms (cache hit)
438 http cache @vibrant/image-browser@https://registry.npmjs.org/@vibrant/image-browser/-/image-browser-4.0.0.tgz 0ms (cache hit)
439 http cache @vibrant/quantizer-mmcq@https://registry.npmjs.org/@vibrant/quantizer-mmcq/-/quantizer-mmcq-4.0.0.tgz 0ms (cache hit)
440 http cache @vibrant/generator-default@https://registry.npmjs.org/@vibrant/generator-default/-/generator-default-4.0.3.tgz 0ms (cache hit)
441 http cache @vibrant/core@https://registry.npmjs.org/@vibrant/core/-/core-4.0.0.tgz 0ms (cache hit)
442 http cache node-vibrant@https://registry.npmjs.org/node-vibrant/-/node-vibrant-4.0.3.tgz 0ms (cache hit)
443 http cache @types/node@https://registry.npmjs.org/@types/node/-/node-16.9.1.tgz 1ms (cache hit)
444 http cache buffer@https://registry.npmjs.org/buffer/-/buffer-6.0.3.tgz 0ms (cache hit)
445 http cache pngjs@https://registry.npmjs.org/pngjs/-/pngjs-3.4.0.tgz 0ms (cache hit)
446 http cache undici-types@https://registry.npmjs.org/undici-types/-/undici-types-5.26.5.tgz 0ms (cache hit)
447 http cache @types/node@https://registry.npmjs.org/@types/node/-/node-18.19.130.tgz 0ms (cache hit)
448 silly tarball no local data for webidl-conversions@https://registry.npmjs.org/webidl-conversions/-/webidl-conversions-3.0.1.tgz. Extracting by manifest.
449 silly tarball no local data for pako@https://registry.npmjs.org/pako/-/pako-1.0.11.tgz. Extracting by manifest.
450 silly tarball no local data for tr46@https://registry.npmjs.org/tr46/-/tr46-0.0.3.tgz. Extracting by manifest.
451 silly tarball no local data for safe-buffer@https://registry.npmjs.org/safe-buffer/-/safe-buffer-5.2.1.tgz. Extracting by manifest.
452 silly tarball no local data for string_decoder@https://registry.npmjs.org/string_decoder/-/string_decoder-1.3.0.tgz. Extracting by manifest.
453 silly tarball no local data for event-target-shim@https://registry.npmjs.org/event-target-shim/-/event-target-shim-5.0.1.tgz. Extracting by manifest.
454 silly tarball no local data for @tokenizer/token@https://registry.npmjs.org/@tokenizer/token/-/token-0.3.0.tgz. Extracting by manifest.
455 silly tarball no local data for process@https://registry.npmjs.org/process/-/process-0.11.10.tgz. Extracting by manifest.
456 silly tarball no local data for events@https://registry.npmjs.org/events/-/events-3.3.0.tgz. Extracting by manifest.
457 silly tarball no local data for peek-readable@https://registry.npmjs.org/peek-readable/-/peek-readable-4.1.0.tgz. Extracting by manifest.
458 silly tarball no local data for readable-stream@https://registry.npmjs.org/readable-stream/-/readable-stream-4.7.0.tgz. Extracting by manifest.
459 silly tarball no local data for whatwg-url@https://registry.npmjs.org/whatwg-url/-/whatwg-url-5.0.0.tgz. Extracting by manifest.
460 silly tarball no local data for abort-controller@https://registry.npmjs.org/abort-controller/-/abort-controller-3.0.0.tgz. Extracting by manifest.
461 silly tarball no local data for node-fetch@https://registry.npmjs.org/node-fetch/-/node-fetch-2.7.0.tgz. Extracting by manifest.
462 silly tarball no local data for whatwg-fetch@https://registry.npmjs.org/whatwg-fetch/-/whatwg-fetch-3.6.20.tgz. Extracting by manifest.
463 silly tarball no local data for image-q@https://registry.npmjs.org/image-q/-/image-q-4.0.0.tgz. Extracting by manifest.
464 silly tarball no local data for strtok3@https://registry.npmjs.org/strtok3/-/strtok3-6.3.0.tgz. Extracting by manifest.
465 silly tarball no local data for token-types@https://registry.npmjs.org/token-types/-/token-types-4.2.1.tgz. Extracting by manifest.
466 silly tarball no local data for readable-web-to-node-stream@https://registry.npmjs.org/readable-web-to-node-stream/-/readable-web-to-node-stream-3.0.4.tgz. Extracting by manifest.
467 silly tarball no local data for ieee754@https://registry.npmjs.org/ieee754/-/ieee754-1.2.1.tgz. Extracting by manifest.
468 silly tarball no local data for base64-js@https://registry.npmjs.org/base64-js/-/base64-js-1.5.1.tgz. Extracting by manifest.
469 silly tarball no local data for utif2@https://registry.npmjs.org/utif2/-/utif2-4.1.0.tgz. Extracting by manifest.
470 silly tarball no local data for regenerator-runtime@https://registry.npmjs.org/regenerator-runtime/-/regenerator-runtime-0.13.11.tgz. Extracting by manifest.
471 silly tarball no local data for pngjs@https://registry.npmjs.org/pngjs/-/pngjs-6.0.0.tgz. Extracting by manifest.
472 silly tarball no local data for jpeg-js@https://registry.npmjs.org/jpeg-js/-/jpeg-js-0.4.4.tgz. Extracting by manifest.
473 silly tarball no local data for omggif@https://registry.npmjs.org/omggif/-/omggif-1.0.10.tgz. Extracting by manifest.
474 silly tarball no local data for timm@https://registry.npmjs.org/timm/-/timm-1.7.1.tgz. Extracting by manifest.
475 silly tarball no local data for @jimp/tiff@https://registry.npmjs.org/@jimp/tiff/-/tiff-0.22.12.tgz. Extracting by manifest.
476 silly tarball no local data for gifwrap@https://registry.npmjs.org/gifwrap/-/gifwrap-0.10.1.tgz. Extracting by manifest.
477 silly tarball no local data for bmp-js@https://registry.npmjs.org/bmp-js/-/bmp-js-0.1.0.tgz. Extracting by manifest.
478 silly tarball no local data for @jimp/png@https://registry.npmjs.org/@jimp/png/-/png-0.22.12.tgz. Extracting by manifest.
479 silly tarball no local data for @jimp/jpeg@https://registry.npmjs.org/@jimp/jpeg/-/jpeg-0.22.12.tgz. Extracting by manifest.
480 silly tarball no local data for @jimp/gif@https://registry.npmjs.org/@jimp/gif/-/gif-0.22.12.tgz. Extracting by manifest.
481 silly tarball no local data for @jimp/bmp@https://registry.npmjs.org/@jimp/bmp/-/bmp-0.22.12.tgz. Extracting by manifest.
482 silly tarball no local data for tinycolor2@https://registry.npmjs.org/tinycolor2/-/tinycolor2-1.6.0.tgz. Extracting by manifest.
483 silly tarball no local data for pixelmatch@https://registry.npmjs.org/pixelmatch/-/pixelmatch-4.0.2.tgz. Extracting by manifest.
484 silly tarball no local data for file-type@https://registry.npmjs.org/file-type/-/file-type-16.5.4.tgz. Extracting by manifest.
485 silly tarball no local data for exif-parser@https://registry.npmjs.org/exif-parser/-/exif-parser-0.1.12.tgz. Extracting by manifest.
486 silly tarball no local data for buffer@https://registry.npmjs.org/buffer/-/buffer-5.7.1.tgz. Extracting by manifest.
487 silly tarball no local data for isomorphic-fetch@https://registry.npmjs.org/isomorphic-fetch/-/isomorphic-fetch-3.0.0.tgz. Extracting by manifest.
488 silly tarball no local data for any-base@https://registry.npmjs.org/any-base/-/any-base-1.1.0.tgz. Extracting by manifest.
489 silly tarball no local data for @jimp/utils@https://registry.npmjs.org/@jimp/utils/-/utils-0.22.12.tgz. Extracting by manifest.
490 silly tarball no local data for @jimp/core@https://registry.npmjs.org/@jimp/core/-/core-0.22.12.tgz. Extracting by manifest.
491 silly tarball no local data for @jimp/types@https://registry.npmjs.org/@jimp/types/-/types-0.22.12.tgz. Extracting by manifest.
492 silly tarball no local data for @jimp/plugin-resize@https://registry.npmjs.org/@jimp/plugin-resize/-/plugin-resize-0.22.12.tgz. Extracting by manifest.
493 silly tarball no local data for @vibrant/worker@https://registry.npmjs.org/@vibrant/worker/-/worker-4.0.0.tgz. Extracting by manifest.
494 silly tarball no local data for @vibrant/quantizer@https://registry.npmjs.org/@vibrant/quantizer/-/quantizer-4.0.0.tgz. Extracting by manifest.
495 silly tarball no local data for @vibrant/types@https://registry.npmjs.org/@vibrant/types/-/types-4.0.0.tgz. Extracting by manifest.
496 silly tarball no local data for @jimp/custom@https://registry.npmjs.org/@jimp/custom/-/custom-0.22.12.tgz. Extracting by manifest.
497 silly tarball no local data for @vibrant/image@https://registry.npmjs.org/@vibrant/image/-/image-4.0.0.tgz. Extracting by manifest.
498 silly tarball no local data for @vibrant/generator@https://registry.npmjs.org/@vibrant/generator/-/generator-4.0.0.tgz. Extracting by manifest.
499 silly tarball no local data for @vibrant/color@https://registry.npmjs.org/@vibrant/color/-/color-4.0.0.tgz. Extracting by manifest.
500 silly tarball no local data for @vibrant/image-node@https://registry.npmjs.org/@vibrant/image-node/-/image-node-4.0.0.tgz. Extracting by manifest.
501 silly tarball no local data for @vibrant/image-browser@https://registry.npmjs.org/@vibrant/image-browser/-/image-browser-4.0.0.tgz. Extracting by manifest.
502 silly tarball no local data for @vibrant/quantizer-mmcq@https://registry.npmjs.org/@vibrant/quantizer-mmcq/-/quantizer-mmcq-4.0.0.tgz. Extracting by manifest.
503 silly tarball no local data for @vibrant/generator-default@https://registry.npmjs.org/@vibrant/generator-default/-/generator-default-4.0.3.tgz. Extracting by manifest.
504 silly tarball no local data for @vibrant/core@https://registry.npmjs.org/@vibrant/core/-/core-4.0.0.tgz. Extracting by manifest.
505 silly tarball no local data for node-vibrant@https://registry.npmjs.org/node-vibrant/-/node-vibrant-4.0.3.tgz. Extracting by manifest.
506 silly tarball no local data for @types/node@https://registry.npmjs.org/@types/node/-/node-16.9.1.tgz. Extracting by manifest.
507 silly tarball no local data for buffer@https://registry.npmjs.org/buffer/-/buffer-6.0.3.tgz. Extracting by manifest.
508 silly tarball no local data for pngjs@https://registry.npmjs.org/pngjs/-/pngjs-3.4.0.tgz. Extracting by manifest.
509 silly tarball no local data for undici-types@https://registry.npmjs.org/undici-types/-/undici-types-5.26.5.tgz. Extracting by manifest.
510 silly tarball no local data for @types/node@https://registry.npmjs.org/@types/node/-/node-18.19.130.tgz. Extracting by manifest.
511 http fetch GET 200 https://registry.npmjs.org/string_decoder/-/string_decoder-1.3.0.tgz 265ms (cache miss)
512 http fetch GET 200 https://registry.npmjs.org/safe-buffer/-/safe-buffer-5.2.1.tgz 267ms (cache miss)
513 http fetch GET 200 https://registry.npmjs.org/webidl-conversions/-/webidl-conversions-3.0.1.tgz 268ms (cache miss)
514 http fetch GET 200 https://registry.npmjs.org/abort-controller/-/abort-controller-3.0.0.tgz 264ms (cache miss)
515 http fetch POST 200 https://registry.npmjs.org/-/npm/v1/security/advisories/bulk 415ms
516 silly audit report {
516 silly audit report   next: [
516 silly audit report     {
516 silly audit report       id: 1111374,
516 silly audit report       url: 'https://github.com/advisories/GHSA-w37m-7fhw-fmv9',
516 silly audit report       title: 'Next Server Actions Source Code Exposure ',
516 silly audit report       severity: 'moderate',
516 silly audit report       vulnerable_versions: '>=16.0.0-beta.0 <16.0.9',
516 silly audit report       cwe: [Array],
516 silly audit report       cvss: [Object]
516 silly audit report     },
516 silly audit report     {
516 silly audit report       id: 1111383,
516 silly audit report       url: 'https://github.com/advisories/GHSA-mwv6-3258-q52c',
516 silly audit report       title: 'Next Vulnerable to Denial of Service with Server Components',
516 silly audit report       severity: 'high',
516 silly audit report       vulnerable_versions: '>=16.0.0-beta.0 <16.0.9',
516 silly audit report       cwe: [Array],
516 silly audit report       cvss: [Object]
516 silly audit report     }
516 silly audit report   ]
516 silly audit report }
517 silly packumentCache corgi:https://registry.npmjs.org/next cache-miss
518 http fetch GET 200 https://registry.npmjs.org/peek-readable/-/peek-readable-4.1.0.tgz 446ms (cache miss)
519 http fetch GET 200 https://registry.npmjs.org/whatwg-fetch/-/whatwg-fetch-3.6.20.tgz 461ms (cache miss)
520 http fetch GET 200 https://registry.npmjs.org/whatwg-url/-/whatwg-url-5.0.0.tgz 491ms (cache miss)
521 http fetch GET 200 https://registry.npmjs.org/readable-web-to-node-stream/-/readable-web-to-node-stream-3.0.4.tgz 590ms (cache miss)
522 http fetch GET 200 https://registry.npmjs.org/tr46/-/tr46-0.0.3.tgz 624ms (cache miss)
523 http fetch GET 200 https://registry.npmjs.org/node-fetch/-/node-fetch-2.7.0.tgz 631ms (cache miss)
524 http fetch GET 200 https://registry.npmjs.org/readable-stream/-/readable-stream-4.7.0.tgz 636ms (cache miss)
525 http fetch GET 200 https://registry.npmjs.org/ieee754/-/ieee754-1.2.1.tgz 655ms (cache miss)
526 http fetch GET 200 https://registry.npmjs.org/base64-js/-/base64-js-1.5.1.tgz 669ms (cache miss)
527 http fetch GET 200 https://registry.npmjs.org/events/-/events-3.3.0.tgz 685ms (cache miss)
528 http fetch GET 200 https://registry.npmjs.org/utif2/-/utif2-4.1.0.tgz 705ms (cache miss)
529 http fetch GET 200 https://registry.npmjs.org/pako/-/pako-1.0.11.tgz 718ms (cache miss)
530 http fetch GET 200 https://registry.npmjs.org/image-q/-/image-q-4.0.0.tgz 743ms (cache miss)
531 http fetch GET 200 https://registry.npmjs.org/regenerator-runtime/-/regenerator-runtime-0.13.11.tgz 831ms (cache miss)
532 http fetch GET 200 https://registry.npmjs.org/omggif/-/omggif-1.0.10.tgz 841ms (cache miss)
533 http fetch GET 200 https://registry.npmjs.org/process/-/process-0.11.10.tgz 864ms (cache miss)
534 http fetch GET 200 https://registry.npmjs.org/@tokenizer/token/-/token-0.3.0.tgz 866ms (cache miss)
535 http fetch GET 200 https://registry.npmjs.org/jpeg-js/-/jpeg-js-0.4.4.tgz 1048ms (cache miss)
536 http fetch GET 200 https://registry.npmjs.org/strtok3/-/strtok3-6.3.0.tgz 1067ms (cache miss)
537 http fetch GET 200 https://registry.npmjs.org/pngjs/-/pngjs-6.0.0.tgz 1220ms (cache miss)
538 http fetch GET 200 https://registry.npmjs.org/event-target-shim/-/event-target-shim-5.0.1.tgz 1243ms (cache miss)
539 http fetch GET 200 https://registry.npmjs.org/tinycolor2/-/tinycolor2-1.6.0.tgz 1336ms (cache miss)
540 http fetch GET 200 https://registry.npmjs.org/isomorphic-fetch/-/isomorphic-fetch-3.0.0.tgz 1430ms (cache miss)
541 http fetch GET 200 https://registry.npmjs.org/@jimp/png/-/png-0.22.12.tgz 1505ms (cache miss)
542 http fetch GET 200 https://registry.npmjs.org/file-type/-/file-type-16.5.4.tgz 1518ms (cache miss)
543 http fetch GET 200 https://registry.npmjs.org/any-base/-/any-base-1.1.0.tgz 1547ms (cache miss)
544 http fetch GET 200 https://registry.npmjs.org/@jimp/utils/-/utils-0.22.12.tgz 1671ms (cache miss)
545 http fetch GET 200 https://registry.npmjs.org/timm/-/timm-1.7.1.tgz 1700ms (cache miss)
546 http fetch GET 200 https://registry.npmjs.org/@jimp/types/-/types-0.22.12.tgz 1800ms (cache miss)
547 http fetch GET 200 https://registry.npmjs.org/@jimp/core/-/core-0.22.12.tgz 1802ms (cache miss)
548 http fetch GET 200 https://registry.npmjs.org/@jimp/gif/-/gif-0.22.12.tgz 1869ms (cache miss)
549 http fetch GET 200 https://registry.npmjs.org/token-types/-/token-types-4.2.1.tgz 1905ms (cache miss)
550 http fetch GET 200 https://registry.npmjs.org/@jimp/bmp/-/bmp-0.22.12.tgz 1904ms (cache miss)
551 http fetch GET 200 https://registry.npmjs.org/@jimp/jpeg/-/jpeg-0.22.12.tgz 1912ms (cache miss)
552 http fetch GET 200 https://registry.npmjs.org/@jimp/plugin-resize/-/plugin-resize-0.22.12.tgz 1914ms (cache miss)
553 http fetch GET 200 https://registry.npmjs.org/buffer/-/buffer-5.7.1.tgz 1922ms (cache miss)
554 http fetch GET 200 https://registry.npmjs.org/@vibrant/worker/-/worker-4.0.0.tgz 1918ms (cache miss)
555 http fetch GET 200 https://registry.npmjs.org/bmp-js/-/bmp-js-0.1.0.tgz 1934ms (cache miss)
556 http fetch GET 200 https://registry.npmjs.org/@vibrant/quantizer/-/quantizer-4.0.0.tgz 1965ms (cache miss)
557 http fetch GET 200 https://registry.npmjs.org/@vibrant/types/-/types-4.0.0.tgz 2075ms (cache miss)
558 http fetch GET 200 https://registry.npmjs.org/@vibrant/image/-/image-4.0.0.tgz 2128ms (cache miss)
559 http fetch GET 200 https://registry.npmjs.org/@jimp/custom/-/custom-0.22.12.tgz 2128ms (cache miss)
560 http fetch GET 200 https://registry.npmjs.org/@vibrant/generator/-/generator-4.0.0.tgz 2128ms (cache miss)
561 http fetch GET 200 https://registry.npmjs.org/@vibrant/image-browser/-/image-browser-4.0.0.tgz 2149ms (cache miss)
562 http fetch GET 200 https://registry.npmjs.org/@vibrant/image-node/-/image-node-4.0.0.tgz 2152ms (cache miss)
563 http fetch GET 200 https://registry.npmjs.org/@vibrant/quantizer-mmcq/-/quantizer-mmcq-4.0.0.tgz 2152ms (cache miss)
564 http fetch GET 200 https://registry.npmjs.org/@vibrant/generator-default/-/generator-default-4.0.3.tgz 2195ms (cache miss)
565 http fetch GET 200 https://registry.npmjs.org/@vibrant/core/-/core-4.0.0.tgz 2196ms (cache miss)
566 http fetch GET 200 https://registry.npmjs.org/node-vibrant/-/node-vibrant-4.0.3.tgz 2215ms (cache miss)
567 http fetch GET 200 https://registry.npmjs.org/buffer/-/buffer-6.0.3.tgz 2408ms (cache miss)
568 http fetch GET 200 https://registry.npmjs.org/undici-types/-/undici-types-5.26.5.tgz 2529ms (cache miss)
569 http fetch GET 200 https://registry.npmjs.org/exif-parser/-/exif-parser-0.1.12.tgz 2562ms (cache miss)
570 http fetch GET 200 https://registry.npmjs.org/@types/node/-/node-16.9.1.tgz 2554ms (cache miss)
571 http fetch GET 200 https://registry.npmjs.org/@jimp/tiff/-/tiff-0.22.12.tgz 2750ms (cache miss)
572 http fetch GET 200 https://registry.npmjs.org/@vibrant/color/-/color-4.0.0.tgz 3191ms (cache miss)
573 http fetch GET 200 https://registry.npmjs.org/pixelmatch/-/pixelmatch-4.0.2.tgz 3409ms (cache miss)
574 http fetch GET 200 https://registry.npmjs.org/@types/node/-/node-18.19.130.tgz 3449ms (cache miss)
575 http fetch GET 200 https://registry.npmjs.org/pngjs/-/pngjs-3.4.0.tgz 3592ms (cache miss)
576 http fetch GET 200 https://registry.npmjs.org/gifwrap/-/gifwrap-0.10.1.tgz 5526ms (cache miss)
577 http fetch GET 200 https://registry.npmjs.org/next 5797ms (cache miss)
578 silly packumentCache corgi:https://registry.npmjs.org/next set size:undefined disposed:false
579 silly ADD node_modules/webidl-conversions
580 silly ADD node_modules/tr46
581 silly ADD node_modules/pako
582 silly ADD node_modules/peek-readable
583 silly ADD node_modules/@tokenizer/token
584 silly ADD node_modules/safe-buffer
585 silly ADD node_modules/event-target-shim
586 silly ADD node_modules/string_decoder
587 silly ADD node_modules/process
588 silly ADD node_modules/events
589 silly ADD node_modules/abort-controller
590 silly ADD node_modules/readable-stream
591 silly ADD node_modules/readable-stream/node_modules/buffer
592 silly ADD node_modules/whatwg-url
593 silly ADD node_modules/whatwg-fetch
594 silly ADD node_modules/node-fetch
595 silly ADD node_modules/image-q
596 silly ADD node_modules/image-q/node_modules/@types/node
597 silly ADD node_modules/token-types
598 silly ADD node_modules/strtok3
599 silly ADD node_modules/readable-web-to-node-stream
600 silly ADD node_modules/ieee754
601 silly ADD node_modules/base64-js
602 silly ADD node_modules/regenerator-runtime
603 silly ADD node_modules/utif2
604 silly ADD node_modules/pngjs
605 silly ADD node_modules/jpeg-js
606 silly ADD node_modules/omggif
607 silly ADD node_modules/gifwrap
608 silly ADD node_modules/bmp-js
609 silly ADD node_modules/timm
610 silly ADD node_modules/@jimp/tiff
611 silly ADD node_modules/@jimp/png
612 silly ADD node_modules/@jimp/jpeg
613 silly ADD node_modules/@jimp/gif
614 silly ADD node_modules/@jimp/bmp
615 silly ADD node_modules/tinycolor2
616 silly ADD node_modules/pixelmatch
617 silly ADD node_modules/pixelmatch/node_modules/pngjs
618 silly ADD node_modules/isomorphic-fetch
619 silly ADD node_modules/file-type
620 silly ADD node_modules/exif-parser
621 silly ADD node_modules/buffer
622 silly ADD node_modules/any-base
623 silly ADD node_modules/@jimp/utils
624 silly ADD node_modules/@jimp/core
625 silly ADD node_modules/@jimp/types
626 silly ADD node_modules/@jimp/plugin-resize
627 silly ADD node_modules/@jimp/custom
628 silly ADD node_modules/@vibrant/types
629 silly ADD node_modules/@vibrant/worker
630 silly ADD node_modules/@vibrant/quantizer
631 silly ADD node_modules/@vibrant/image
632 silly ADD node_modules/@vibrant/generator
633 silly ADD node_modules/@vibrant/color
634 silly ADD node_modules/@vibrant/quantizer-mmcq
635 silly ADD node_modules/@vibrant/image-node
636 silly ADD node_modules/@vibrant/image-browser
637 silly ADD node_modules/@vibrant/generator-default
638 silly ADD node_modules/@vibrant/core
639 silly ADD node_modules/node-vibrant
640 silly ADD node_modules/node-vibrant/node_modules/undici-types
641 silly ADD node_modules/node-vibrant/node_modules/@types/node
642 verbose cwd /Users/macos/brand-portal
643 verbose os Darwin 24.6.0
644 verbose node v24.11.1
645 verbose npm  v11.6.2
646 notice
646 notice New [33mminor[39m version of npm available! [33m11.6.2[39m -> [34m11.7.0[39m
646 notice Changelog: [34mhttps://github.com/npm/cli/releases/tag/v11.7.0[39m
646 notice To update run: [4mnpm install -g npm@11.7.0[24m
646 notice  { force: true, Symbol(proc-log.meta): true }
647 verbose exit 0
648 info ok
